<?xml version="1.0" encoding="UTF-8"?>
<!-- Generated by org.testng.reporters.JUnitReportReporter -->
<testsuite hostname="santhoshreddy" failures="0" tests="1" name="dream.qa.dreamportal.tests.DreamsDiaryPageTest" time="4.009" errors="0" timestamp="2025-06-17T22:22:40 IST" skipped="0">
  <testcase classname="dream.qa.dreamportal.tests.DreamsDiaryPageTest" name="dreamsDiaryPageTest" time="4.009"/>
  <system-out/>
</testsuite> <!-- dream.qa.dreamportal.tests.DreamsDiaryPageTest -->
